<?xml version="1.0" encoding="UTF-8"?>
<!-- Generated by org.testng.reporters.JUnitReportReporter -->
<testsuite hostname="LAPTOP-CQ5F5C01" failures="0" tests="3" name="testPages.HomeTestPage" time="21.353" errors="0" timestamp="2023-07-10T20:15:12 IST" skipped="0">
  <testcase classname="testPages.HomeTestPage" name="testPagetitle" time="5.815"/>
  <system-out/>
  <testcase classname="testPages.HomeTestPage" name="testLogo" time="8.836"/>
  <system-out/>
  <testcase classname="testPages.HomeTestPage" name="testSignInLink" time="6.702"/>
  <system-out/>
</testsuite> <!-- testPages.HomeTestPage -->
