<?xml version="1.0" encoding="UTF-8"?>
<!-- Generated by org.testng.reporters.JUnitReportReporter -->
<testsuite hostname="LAPTOP-CQ5F5C01" failures="0" tests="1" name="testPages.CreateAcoountTestPage" time="13.966" errors="0" timestamp="2023-07-13T20:01:55 IST" skipped="0">
  <testcase classname="testPages.CreateAcoountTestPage" name="testCreateAccount" time="13.966"/>
  <system-out/>
</testsuite> <!-- testPages.CreateAcoountTestPage -->
